Started GET "/groups" for 127.0.0.1 at 2017-08-08 12:14:46 +0900
  
ActiveRecord::NoDatabaseError (Unknown database 'chat-space_development'):
  
activerecord (5.0.5) lib/active_record/connection_adapters/mysql2_adapter.rb:29:in `rescue in mysql2_connection'
activerecord (5.0.5) lib/active_record/connection_adapters/mysql2_adapter.rb:12:in `mysql2_connection'
activerecord (5.0.5) lib/active_record/connection_adapters/abstract/connection_pool.rb:729:in `new_connection'
activerecord (5.0.5) lib/active_record/connection_adapters/abstract/connection_pool.rb:773:in `checkout_new_connection'
activerecord (5.0.5) lib/active_record/connection_adapters/abstract/connection_pool.rb:752:in `try_to_checkout_new_connection'
activerecord (5.0.5) lib/active_record/connection_adapters/abstract/connection_pool.rb:713:in `acquire_connection'
activerecord (5.0.5) lib/active_record/connection_adapters/abstract/connection_pool.rb:490:in `checkout'
activerecord (5.0.5) lib/active_record/connection_adapters/abstract/connection_pool.rb:364:in `connection'
activerecord (5.0.5) lib/active_record/connection_adapters/abstract/connection_pool.rb:883:in `retrieve_connection'
activerecord (5.0.5) lib/active_record/connection_handling.rb:128:in `retrieve_connection'
activerecord (5.0.5) lib/active_record/connection_handling.rb:91:in `connection'
activerecord (5.0.5) lib/active_record/migration.rb:559:in `connection'
activerecord (5.0.5) lib/active_record/migration.rb:546:in `call'
actionpack (5.0.5) lib/action_dispatch/middleware/callbacks.rb:38:in `block in call'
activesupport (5.0.5) lib/active_support/callbacks.rb:97:in `__run_callbacks__'
activesupport (5.0.5) lib/active_support/callbacks.rb:750:in `_run_call_callbacks'
activesupport (5.0.5) lib/active_support/callbacks.rb:90:in `run_callbacks'
actionpack (5.0.5) lib/action_dispatch/middleware/callbacks.rb:36:in `call'
actionpack (5.0.5) lib/action_dispatch/middleware/executor.rb:12:in `call'
actionpack (5.0.5) lib/action_dispatch/middleware/remote_ip.rb:79:in `call'
actionpack (5.0.5) lib/action_dispatch/middleware/debug_exceptions.rb:49:in `call'
web-console (3.5.1) lib/web_console/middleware.rb:135:in `call_app'
web-console (3.5.1) lib/web_console/middleware.rb:28:in `block in call'
web-console (3.5.1) lib/web_console/middleware.rb:18:in `catch'
web-console (3.5.1) lib/web_console/middleware.rb:18:in `call'
actionpack (5.0.5) lib/action_dispatch/middleware/show_exceptions.rb:31:in `call'
railties (5.0.5) lib/rails/rack/logger.rb:36:in `call_app'
railties (5.0.5) lib/rails/rack/logger.rb:24:in `block in call'
activesupport (5.0.5) lib/active_support/tagged_logging.rb:69:in `block in tagged'
activesupport (5.0.5) lib/active_support/tagged_logging.rb:26:in `tagged'
activesupport (5.0.5) lib/active_support/tagged_logging.rb:69:in `tagged'
railties (5.0.5) lib/rails/rack/logger.rb:24:in `call'
sprockets-rails (3.2.0) lib/sprockets/rails/quiet_assets.rb:13:in `call'
actionpack (5.0.5) lib/action_dispatch/middleware/request_id.rb:24:in `call'
rack (2.0.3) lib/rack/method_override.rb:22:in `call'
rack (2.0.3) lib/rack/runtime.rb:22:in `call'
activesupport (5.0.5) lib/active_support/cache/strategy/local_cache_middleware.rb:28:in `call'
actionpack (5.0.5) lib/action_dispatch/middleware/executor.rb:12:in `call'
actionpack (5.0.5) lib/action_dispatch/middleware/static.rb:136:in `call'
rack (2.0.3) lib/rack/sendfile.rb:111:in `call'
railties (5.0.5) lib/rails/engine.rb:522:in `call'
puma (3.9.1) lib/puma/configuration.rb:224:in `call'
puma (3.9.1) lib/puma/server.rb:602:in `handle_request'
puma (3.9.1) lib/puma/server.rb:435:in `process_client'
puma (3.9.1) lib/puma/server.rb:299:in `block in run'
puma (3.9.1) lib/puma/thread_pool.rb:120:in `block in spawn_thread'
  Rendering /Users/nnaganori/.rbenv/versions/2.3.1/lib/ruby/gems/2.3.0/gems/actionpack-5.0.5/lib/action_dispatch/middleware/templates/rescues/diagnostics.html.erb within rescues/layout
  Rendering /Users/nnaganori/.rbenv/versions/2.3.1/lib/ruby/gems/2.3.0/gems/actionpack-5.0.5/lib/action_dispatch/middleware/templates/rescues/_source.html.erb
  Rendered /Users/nnaganori/.rbenv/versions/2.3.1/lib/ruby/gems/2.3.0/gems/actionpack-5.0.5/lib/action_dispatch/middleware/templates/rescues/_source.html.erb (2.8ms)
  Rendering /Users/nnaganori/.rbenv/versions/2.3.1/lib/ruby/gems/2.3.0/gems/actionpack-5.0.5/lib/action_dispatch/middleware/templates/rescues/_trace.html.erb
  Rendered /Users/nnaganori/.rbenv/versions/2.3.1/lib/ruby/gems/2.3.0/gems/actionpack-5.0.5/lib/action_dispatch/middleware/templates/rescues/_trace.html.erb (1.6ms)
  Rendering /Users/nnaganori/.rbenv/versions/2.3.1/lib/ruby/gems/2.3.0/gems/actionpack-5.0.5/lib/action_dispatch/middleware/templates/rescues/_request_and_response.html.erb
  Rendered /Users/nnaganori/.rbenv/versions/2.3.1/lib/ruby/gems/2.3.0/gems/actionpack-5.0.5/lib/action_dispatch/middleware/templates/rescues/_request_and_response.html.erb (1.1ms)
  Rendered /Users/nnaganori/.rbenv/versions/2.3.1/lib/ruby/gems/2.3.0/gems/actionpack-5.0.5/lib/action_dispatch/middleware/templates/rescues/diagnostics.html.erb within rescues/layout (93.9ms)
Started GET "/groups" for 127.0.0.1 at 2017-08-08 12:17:45 +0900
Processing by GroupsController#index as HTML
  Rendering groups/index.html.haml within layouts/application
  Rendered groups/index.html.haml within layouts/application (6.3ms)
Completed 200 OK in 569ms (Views: 558.6ms | ActiveRecord: 0.0ms)


Started GET "/" for 127.0.0.1 at 2017-08-08 12:22:07 +0900
Processing by Rails::WelcomeController#index as HTML
  Parameters: {"internal"=>true}
  Rendering /Users/nnaganori/.rbenv/versions/2.3.1/lib/ruby/gems/2.3.0/gems/railties-5.0.5/lib/rails/templates/rails/welcome/index.html.erb
  Rendered /Users/nnaganori/.rbenv/versions/2.3.1/lib/ruby/gems/2.3.0/gems/railties-5.0.5/lib/rails/templates/rails/welcome/index.html.erb (3.3ms)
Completed 200 OK in 12ms (Views: 7.0ms | ActiveRecord: 0.0ms)


Started GET "/" for 127.0.0.1 at 2017-08-08 12:22:26 +0900
Processing by Rails::WelcomeController#index as HTML
  Parameters: {"internal"=>true}
  Rendering /Users/nnaganori/.rbenv/versions/2.3.1/lib/ruby/gems/2.3.0/gems/railties-5.0.5/lib/rails/templates/rails/welcome/index.html.erb
  Rendered /Users/nnaganori/.rbenv/versions/2.3.1/lib/ruby/gems/2.3.0/gems/railties-5.0.5/lib/rails/templates/rails/welcome/index.html.erb (3.5ms)
Completed 200 OK in 9ms (Views: 6.1ms | ActiveRecord: 0.0ms)


Started GET "/" for 127.0.0.1 at 2017-08-08 12:23:02 +0900
Processing by Rails::WelcomeController#index as HTML
  Parameters: {"internal"=>true}
  Rendering /Users/nnaganori/.rbenv/versions/2.3.1/lib/ruby/gems/2.3.0/gems/railties-5.0.5/lib/rails/templates/rails/welcome/index.html.erb
  Rendered /Users/nnaganori/.rbenv/versions/2.3.1/lib/ruby/gems/2.3.0/gems/railties-5.0.5/lib/rails/templates/rails/welcome/index.html.erb (3.5ms)
Completed 200 OK in 12ms (Views: 6.9ms | ActiveRecord: 0.0ms)


Started GET "/groups" for 127.0.0.1 at 2017-08-08 12:23:42 +0900
Processing by GroupsController#index as HTML
  Rendering groups/index.html.haml within layouts/application
  Rendered groups/index.html.haml within layouts/application (2.1ms)
Completed 200 OK in 36ms (Views: 34.0ms | ActiveRecord: 0.0ms)


